<?xml version="1.0" encoding="UTF-8"?>
<testsuite name="com.weathermap.config.filters.ApiKeyRateLimitFilterTest" tests="3" skipped="3" failures="0" errors="0" timestamp="2024-08-12T08:00:37" hostname="Kumudinies-MacBook-Air.local" time="0.011">
  <properties/>
  <testcase name="testDoFilterMissingApiKeyUnauthorized()" classname="com.weathermap.config.filters.ApiKeyRateLimitFilterTest" time="0.001">
    <skipped/>
  </testcase>
  <testcase name="testDoFilterRateLimitExceededTooManyRequests()" classname="com.weathermap.config.filters.ApiKeyRateLimitFilterTest" time="0.001">
    <skipped/>
  </testcase>
  <testcase name="testDoFilterValidApiKeyAllowedRequest()" classname="com.weathermap.config.filters.ApiKeyRateLimitFilterTest" time="0.001">
    <skipped/>
  </testcase>
  <system-out><![CDATA[]]></system-out>
  <system-err><![CDATA[]]></system-err>
</testsuite>
